<?xml version="1.0" encoding="UTF-8"?>
<!-- Generated by org.testng.reporters.JUnitReportReporter -->
<testsuite skipped="0" hostname="DESKTOP-N60QB27" name="tests.Test8" tests="1" failures="0" timestamp="2022-12-18T10:08:16 IST" time="17.072" errors="0">
  <testcase name="m1" time="17.072" classname="tests.Test8"/>
</testsuite> <!-- tests.Test8 -->
