<?xml version="1.0" encoding="UTF-8"?>
<!-- Generated by org.testng.reporters.JUnitReportReporter -->
<testsuite skipped="0" hostname="DESKTOP-N60QB27" name="tests.Test4" tests="1" failures="0" timestamp="2022-12-18T09:38:31 IST" time="35.121" errors="0">
  <testcase name="m1" time="35.121" classname="tests.Test4"/>
</testsuite> <!-- tests.Test4 -->
