<?xml version="1.0" encoding="UTF-8"?>
<!-- Generated by org.testng.reporters.JUnitReportReporter -->
<testsuite skipped="0" hostname="DESKTOP-N60QB27" name="tests.Test6" tests="1" failures="0" timestamp="2022-12-18T09:57:33 IST" time="33.251" errors="0">
  <testcase name="m1" time="33.251" classname="tests.Test6"/>
</testsuite> <!-- tests.Test6 -->
