<?xml version="1.0" encoding="UTF-8"?>
<!-- Generated by org.testng.reporters.JUnitReportReporter -->
<testsuite skipped="0" hostname="DESKTOP-N60QB27" name="tests.Test1" tests="1" failures="0" timestamp="2022-12-18T09:15:57 IST" time="16.793" errors="0">
  <testcase name="m1" time="16.793" classname="tests.Test1"/>
</testsuite> <!-- tests.Test1 -->
