<?xml version="1.0" encoding="UTF-8"?>
<!-- Generated by org.testng.reporters.JUnitReportReporter -->
<testsuite skipped="0" hostname="DESKTOP-N60QB27" name="tests.Test7" tests="1" failures="0" timestamp="2022-12-18T10:03:00 IST" time="26.315" errors="0">
  <testcase name="m1" time="26.315" classname="tests.Test7"/>
</testsuite> <!-- tests.Test7 -->
